\BOOKMARK [1][-]{section.1}{实验要求和内容}{}% 1
\BOOKMARK [1][-]{section.2}{实验功能}{}% 2
\BOOKMARK [1][-]{section.3}{实验框架及运行环境}{}% 3
\BOOKMARK [2][-]{subsection.3.1}{框架概要}{section.3}% 4
\BOOKMARK [2][-]{subsection.3.2}{爬取模块}{section.3}% 5
\BOOKMARK [2][-]{subsection.3.3}{预处理模块}{section.3}% 6
\BOOKMARK [2][-]{subsection.3.4}{索引模块}{section.3}% 7
\BOOKMARK [2][-]{subsection.3.5}{查询解析模块}{section.3}% 8
\BOOKMARK [2][-]{subsection.3.6}{Web模块}{section.3}% 9
\BOOKMARK [1][-]{section.4}{实验成果与分析}{}% 10
\BOOKMARK [2][-]{subsection.4.1}{主要功能与效果图}{section.4}% 11
\BOOKMARK [3][-]{subsubsection.4.1.1}{主界面}{subsection.4.1}% 12
\BOOKMARK [3][-]{subsubsection.4.1.2}{搜索结果页面}{subsection.4.1}% 13
\BOOKMARK [3][-]{subsubsection.4.1.3}{搜索文件功能}{subsection.4.1}% 14
\BOOKMARK [3][-]{subsubsection.4.1.4}{模糊搜索功能}{subsection.4.1}% 15
\BOOKMARK [3][-]{subsubsection.4.1.5}{通配符搜索功能}{subsection.4.1}% 16
\BOOKMARK [3][-]{subsubsection.4.1.6}{条件搜索功能}{subsection.4.1}% 17
\BOOKMARK [2][-]{subsection.4.2}{实验结果分析}{section.4}% 18
\BOOKMARK [3][-]{subsubsection.4.2.1}{入链接、出链接分布}{subsection.4.2}% 19
\BOOKMARK [3][-]{subsubsection.4.2.2}{PageRank算法结果}{subsection.4.2}% 20
\BOOKMARK [3][-]{subsubsection.4.2.3}{PageRank结果分布情况}{subsection.4.2}% 21
\BOOKMARK [3][-]{subsubsection.4.2.4}{PageRank与入链接数的关联分析}{subsection.4.2}% 22
\BOOKMARK [3][-]{subsubsection.4.2.5}{搜索结果得分}{subsection.4.2}% 23
\BOOKMARK [1][-]{section.5}{实验总结}{}% 24
